e:\3.힉원 과제\720 움직사각충돌\framework99c\framework99c\debug\vc140.pdb
e:\3.힉원 과제\720 움직사각충돌\framework99c\framework99c\debug\vc140.idb
e:\3.힉원 과제\720 움직사각충돌\framework99c\framework99c\debug\framework99c.pch
e:\3.힉원 과제\720 움직사각충돌\framework99c\framework99c\debug\stdafx.obj
e:\3.힉원 과제\720 움직사각충돌\framework99c\framework99c\debug\bullet.obj
e:\3.힉원 과제\720 움직사각충돌\framework99c\framework99c\debug\collsionmgr.obj
e:\3.힉원 과제\720 움직사각충돌\framework99c\framework99c\debug\framework99c.obj
e:\3.힉원 과제\720 움직사각충돌\framework99c\framework99c\debug\maingame.obj
e:\3.힉원 과제\720 움직사각충돌\framework99c\framework99c\debug\monster.obj
e:\3.힉원 과제\720 움직사각충돌\framework99c\framework99c\debug\player.obj
e:\3.힉원 과제\720 움직사각충돌\framework99c\framework99c\debug\stage.obj
e:\3.힉원 과제\720 움직사각충돌\framework99c\framework99c\debug\gameobject.obj
e:\3.힉원 과제\720 움직사각충돌\framework99c\framework99c\debug\map1.obj
e:\3.힉원 과제\720 움직사각충돌\framework99c\framework99c\debug\patternfactory.obj
e:\3.힉원 과제\720 움직사각충돌\framework99c\debug\framework99c.ilk
e:\3.힉원 과제\720 움직사각충돌\framework99c\debug\framework99c.exe
e:\3.힉원 과제\720 움직사각충돌\framework99c\debug\framework99c.pdb
e:\3.힉원 과제\720 움직사각충돌\framework99c\framework99c\debug\framework99c.res
e:\3.힉원 과제\720 움직사각충돌\framework99c\framework99c\debug\maingame.obj.enc
e:\3.힉원 과제\720 움직사각충돌\framework99c\framework99c\debug\framework99c.tlog\cl.command.1.tlog
e:\3.힉원 과제\720 움직사각충돌\framework99c\framework99c\debug\framework99c.tlog\cl.read.1.tlog
e:\3.힉원 과제\720 움직사각충돌\framework99c\framework99c\debug\framework99c.tlog\cl.write.1.tlog
e:\3.힉원 과제\720 움직사각충돌\framework99c\framework99c\debug\framework99c.tlog\link.command.1.tlog
e:\3.힉원 과제\720 움직사각충돌\framework99c\framework99c\debug\framework99c.tlog\link.read.1.tlog
e:\3.힉원 과제\720 움직사각충돌\framework99c\framework99c\debug\framework99c.tlog\link.write.1.tlog
e:\3.힉원 과제\720 움직사각충돌\framework99c\framework99c\debug\framework99c.tlog\rc.command.1.tlog
e:\3.힉원 과제\720 움직사각충돌\framework99c\framework99c\debug\framework99c.tlog\rc.read.1.tlog
e:\3.힉원 과제\720 움직사각충돌\framework99c\framework99c\debug\framework99c.tlog\rc.write.1.tlog
